WARNING: no global style definitions found
         ----- pandoc read -----
         running
         ----- style definitions -----
         no global definitions loaded
         ----- document style -----
         no "style" field found, run only pandoc
         writer:
           latex
         ----- run list -----
           empty
         ----- pandoc write -----
         pandoc writing with options:
           --listings --pdf-engine=xelatex
ERROR:     !Error producing PDF.
ERROR:     !! Undefined control sequence.
ERROR:     !\lst@arg ->Files ⌥
ERROR:     !                   Examples ⌥ 01. Basics ⌥ Blink.ino
ERROR:     !l.158 ...es ⌥  Examples ⌥ 01. Basics ⌥ Blink.ino!}
Traceback (most recent call last):
  File "/usr/bin/panzer", line 11, in <module>
    load_entry_point('panzer==1.4.1', 'console_scripts', 'panzer')()
  File "/usr/lib/python3.8/site-packages/panzer/panzer.py", line 70, in main
    doc.pandoc()
  File "/usr/lib/python3.8/site-packages/panzer/document.py", line 603, in pandoc
    sys.stdout.flush()
BrokenPipeError: [Errno 32] Broken pipe
Exception ignored in: <_io.TextIOWrapper name='<stdout>' mode='w' encoding='utf-8'>
BrokenPipeError: [Errno 32] Broken pipe
